# JRE version: OpenJDK Runtime Environment (8.0_242-b01) (build 1.8.0_242-release-1644-b01)
# Java VM: OpenJDK 64-Bit Server VM (25.242-b01 mixed mode windows-amd64 compressed oops)
Heap:
 PSYoungGen      total 258560K, used 26470K [0x00000000d5580000, 0x00000000ed180000, 0x0000000100000000)
  eden space 237056K, 2% used [0x00000000d5580000,0x00000000d5a5bdf8,0x00000000e3d00000)
  from space 21504K, 99% used [0x00000000e3d00000,0x00000000e51fdc28,0x00000000e5200000)
  to   space 27136K, 0% used [0x00000000eb700000,0x00000000eb700000,0x00000000ed180000)
 ParOldGen       total 96768K, used 36783K [0x0000000080000000, 0x0000000085e80000, 0x00000000d5580000)
  object space 96768K, 38% used [0x0000000080000000,0x00000000823ebe30,0x0000000085e80000)
 Metaspace       used 65286K, capacity 68348K, committed 68504K, reserved 1107968K
  class space    used 8972K, capacity 9567K, committed 9648K, reserved 1048576K
GC Heap History (10 events):
Event: 14.718 GC heap before
{Heap before GC invocations=12 (full 2):
 PSYoungGen      total 138752K, used 126976K [0x00000000d5580000, 0x00000000e2980000, 0x0000000100000000)
  eden space 126976K, 100% used [0x00000000d5580000,0x00000000dd180000,0x00000000dd180000)
  from space 11776K, 0% used [0x00000000dd180000,0x00000000dd180000,0x00000000ddd00000)
  to   space 12800K, 0% used [0x00000000e1d00000,0x00000000e1d00000,0x00000000e2980000)
 ParOldGen       total 69120K, used 17033K [0x0000000080000000, 0x0000000084380000, 0x00000000d5580000)
  object space 69120K, 24% used [0x0000000080000000,0x00000000810a24a8,0x0000000084380000)
 Metaspace       used 40261K, capacity 42034K, committed 42408K, reserved 1085440K
  class space    used 5550K, capacity 5941K, committed 6064K, reserved 1048576K
Event: 14.746 GC heap after
Heap after GC invocations=12 (full 2):
 PSYoungGen      total 187392K, used 11274K [0x00000000d5580000, 0x00000000e2880000, 0x0000000100000000)
  eden space 175616K, 0% used [0x00000000d5580000,0x00000000d5580000,0x00000000e0100000)
  from space 11776K, 95% used [0x00000000e1d00000,0x00000000e2802a00,0x00000000e2880000)
  to   space 13824K, 0% used [0x00000000e0d80000,0x00000000e0d80000,0x00000000e1b00000)
 ParOldGen       total 69120K, used 17041K [0x0000000080000000, 0x0000000084380000, 0x00000000d5580000)
  object space 69120K, 24% used [0x0000000080000000,0x00000000810a44a8,0x0000000084380000)
 Metaspace       used 40261K, capacity 42034K, committed 42408K, reserved 1085440K
  class space    used 5550K, capacity 5941K, committed 6064K, reserved 1048576K
}
Event: 22.231 GC heap before
{Heap before GC invocations=13 (full 2):
 PSYoungGen      total 187392K, used 186890K [0x00000000d5580000, 0x00000000e2880000, 0x0000000100000000)
  eden space 175616K, 100% used [0x00000000d5580000,0x00000000e0100000,0x00000000e0100000)
  from space 11776K, 95% used [0x00000000e1d00000,0x00000000e2802a00,0x00000000e2880000)
  to   space 13824K, 0% used [0x00000000e0d80000,0x00000000e0d80000,0x00000000e1b00000)
 ParOldGen       total 69120K, used 17041K [0x0000000080000000, 0x0000000084380000, 0x00000000d5580000)
  object space 69120K, 24% used [0x0000000080000000,0x00000000810a44a8,0x0000000084380000)
 Metaspace       used 56364K, capacity 58678K, committed 58920K, reserved 1099776K
  class space    used 7709K, capacity 8192K, committed 8240K, reserved 1048576K
Event: 22.293 GC heap after
Heap after GC invocations=13 (full 2):
 PSYoungGen      total 202240K, used 13803K [0x00000000d5580000, 0x00000000e6680000, 0x0000000100000000)
  eden space 188416K, 0% used [0x00000000d5580000,0x00000000d5580000,0x00000000e0d80000)
  from space 13824K, 99% used [0x00000000e0d80000,0x00000000e1afacb0,0x00000000e1b00000)
  to   space 20992K, 0% used [0x00000000e5200000,0x00000000e5200000,0x00000000e6680000)
 ParOldGen       total 69120K, used 31269K [0x0000000080000000, 0x0000000084380000, 0x00000000d5580000)
  object space 69120K, 45% used [0x0000000080000000,0x0000000081e894c0,0x0000000084380000)
 Metaspace       used 56364K, capacity 58678K, committed 58920K, reserved 1099776K
  class space    used 7709K, capacity 8192K, committed 8240K, reserved 1048576K
}
Event: 22.788 GC heap before
{Heap before GC invocations=14 (full 2):
 PSYoungGen      total 202240K, used 20608K [0x00000000d5580000, 0x00000000e6680000, 0x0000000100000000)
  eden space 188416K, 3% used [0x00000000d5580000,0x00000000d5c25660,0x00000000e0d80000)
  from space 13824K, 99% used [0x00000000e0d80000,0x00000000e1afacb0,0x00000000e1b00000)
  to   space 20992K, 0% used [0x00000000e5200000,0x00000000e5200000,0x00000000e6680000)
 ParOldGen       total 69120K, used 31269K [0x0000000080000000, 0x0000000084380000, 0x00000000d5580000)
  object space 69120K, 45% used [0x0000000080000000,0x0000000081e894c0,0x0000000084380000)
 Metaspace       used 56847K, capacity 59116K, committed 59160K, reserved 1099776K
  class space    used 7777K, capacity 8231K, committed 8240K, reserved 1048576K
Event: 22.929 GC heap after
Heap after GC invocations=14 (full 2):
 PSYoungGen      total 258048K, used 800K [0x00000000d5580000, 0x00000000e8d00000, 0x0000000100000000)
  eden space 237056K, 0% used [0x00000000d5580000,0x00000000d5580000,0x00000000e3d00000)
  from space 20992K, 3% used [0x00000000e5200000,0x00000000e52c8000,0x00000000e6680000)
  to   space 21504K, 0% used [0x00000000e3d00000,0x00000000e3d00000,0x00000000e5200000)
 ParOldGen       total 69120K, used 42433K [0x0000000080000000, 0x0000000084380000, 0x00000000d5580000)
  object space 69120K, 61% used [0x0000000080000000,0x00000000829704d8,0x0000000084380000)
 Metaspace       used 56847K, capacity 59116K, committed 59160K, reserved 1099776K
  class space    used 7777K, capacity 8231K, committed 8240K, reserved 1048576K
}
Event: 22.929 GC heap before
{Heap before GC invocations=15 (full 3):
 PSYoungGen      total 258048K, used 800K [0x00000000d5580000, 0x00000000e8d00000, 0x0000000100000000)
  eden space 237056K, 0% used [0x00000000d5580000,0x00000000d5580000,0x00000000e3d00000)
  from space 20992K, 3% used [0x00000000e5200000,0x00000000e52c8000,0x00000000e6680000)
  to   space 21504K, 0% used [0x00000000e3d00000,0x00000000e3d00000,0x00000000e5200000)
 ParOldGen       total 69120K, used 42433K [0x0000000080000000, 0x0000000084380000, 0x00000000d5580000)
  object space 69120K, 61% used [0x0000000080000000,0x00000000829704d8,0x0000000084380000)
 Metaspace       used 56847K, capacity 59116K, committed 59160K, reserved 1099776K
  class space    used 7777K, capacity 8231K, committed 8240K, reserved 1048576K
Event: 23.330 GC heap after
Heap after GC invocations=15 (full 3):
 PSYoungGen      total 258048K, used 0K [0x00000000d5580000, 0x00000000e8d00000, 0x0000000100000000)
  eden space 237056K, 0% used [0x00000000d5580000,0x00000000d5580000,0x00000000e3d00000)
  from space 20992K, 0% used [0x00000000e5200000,0x00000000e5200000,0x00000000e6680000)
  to   space 21504K, 0% used [0x00000000e3d00000,0x00000000e3d00000,0x00000000e5200000)
 ParOldGen       total 96768K, used 29961K [0x0000000080000000, 0x0000000085e80000, 0x00000000d5580000)
  object space 96768K, 30% used [0x0000000080000000,0x0000000081d42738,0x0000000085e80000)
 Metaspace       used 56828K, capacity 59050K, committed 59160K, reserved 1099776K
  class space    used 7771K, capacity 8220K, committed 8240K, reserved 1048576K
}
Event: 32.430 GC heap before
{Heap before GC invocations=16 (full 3):
 PSYoungGen      total 258048K, used 236440K [0x00000000d5580000, 0x00000000e8d00000, 0x0000000100000000)
  eden space 237056K, 99% used [0x00000000d5580000,0x00000000e3c66220,0x00000000e3d00000)
  from space 20992K, 0% used [0x00000000e5200000,0x00000000e5200000,0x00000000e6680000)
  to   space 21504K, 0% used [0x00000000e3d00000,0x00000000e3d00000,0x00000000e5200000)
 ParOldGen       total 96768K, used 29961K [0x0000000080000000, 0x0000000085e80000, 0x00000000d5580000)
  object space 96768K, 30% used [0x0000000080000000,0x0000000081d42738,0x0000000085e80000)
 Metaspace       used 65245K, capacity 68284K, committed 68504K, reserved 1107968K
  class space    used 8968K, capacity 9567K, committed 9648K, reserved 1048576K
Event: 32.482 GC heap after
Heap after GC invocations=16 (full 3):
 PSYoungGen      total 258560K, used 21495K [0x00000000d5580000, 0x00000000ed180000, 0x0000000100000000)
  eden space 237056K, 0% used [0x00000000d5580000,0x00000000d5580000,0x00000000e3d00000)
  from space 21504K, 99% used [0x00000000e3d00000,0x00000000e51fdc28,0x00000000e5200000)
  to   space 27136K, 0% used [0x00000000eb700000,0x00000000eb700000,0x00000000ed180000)
 ParOldGen       total 96768K, used 36783K [0x0000000080000000, 0x0000000085e80000, 0x00000000d5580000)
  object space 96768K, 38% used [0x0000000080000000,0x00000000823ebe30,0x0000000085e80000)
 Metaspace       used 65245K, capacity 68284K, committed 68504K, reserved 1107968K
  class space    used 8968K, capacity 9567K, committed 9648K, reserved 1048576K
}

