# JRE version: OpenJDK Runtime Environment (8.0_242-b01) (build 1.8.0_242-release-1644-b01)
# Java VM: OpenJDK 64-Bit Server VM (25.242-b01 mixed mode windows-amd64 compressed oops)
Heap:
 PSYoungGen      total 219648K, used 77798K [0x00000000d5580000, 0x00000000e7300000, 0x0000000100000000)
  eden space 195584K, 30% used [0x00000000d5580000,0x00000000d908f4f0,0x00000000e1480000)
  from space 24064K, 71% used [0x00000000e1480000,0x00000000e256a400,0x00000000e2c00000)
  to   space 21504K, 0% used [0x00000000e2c00000,0x00000000e2c00000,0x00000000e4100000)
 ParOldGen       total 137728K, used 32497K [0x0000000080000000, 0x0000000088680000, 0x00000000d5580000)
  object space 137728K, 23% used [0x0000000080000000,0x0000000081fbc498,0x0000000088680000)
 Metaspace       used 73029K, capacity 76024K, committed 76160K, reserved 1116160K
  class space    used 9944K, capacity 10528K, committed 10624K, reserved 1048576K
GC Heap History (10 events):
Event: 15.729 GC heap before
{Heap before GC invocations=10 (full 2):
 PSYoungGen      total 140800K, used 129024K [0x00000000d5580000, 0x00000000e1980000, 0x0000000100000000)
  eden space 129024K, 100% used [0x00000000d5580000,0x00000000dd380000,0x00000000dd380000)
  from space 11776K, 0% used [0x00000000dd380000,0x00000000dd380000,0x00000000ddf00000)
  to   space 13824K, 0% used [0x00000000e0c00000,0x00000000e0c00000,0x00000000e1980000)
 ParOldGen       total 64512K, used 18070K [0x0000000080000000, 0x0000000083f00000, 0x00000000d5580000)
  object space 64512K, 28% used [0x0000000080000000,0x00000000811a5b88,0x0000000083f00000)
 Metaspace       used 41565K, capacity 43332K, committed 43648K, reserved 1087488K
  class space    used 5579K, capacity 5925K, committed 6016K, reserved 1048576K
Event: 15.774 GC heap after
Heap after GC invocations=10 (full 2):
 PSYoungGen      total 182784K, used 13317K [0x00000000d5580000, 0x00000000e1980000, 0x0000000100000000)
  eden space 168960K, 0% used [0x00000000d5580000,0x00000000d5580000,0x00000000dfa80000)
  from space 13824K, 96% used [0x00000000e0c00000,0x00000000e1901580,0x00000000e1980000)
  to   space 15360K, 0% used [0x00000000dfb80000,0x00000000dfb80000,0x00000000e0a80000)
 ParOldGen       total 64512K, used 18078K [0x0000000080000000, 0x0000000083f00000, 0x00000000d5580000)
  object space 64512K, 28% used [0x0000000080000000,0x00000000811a7b88,0x0000000083f00000)
 Metaspace       used 41565K, capacity 43332K, committed 43648K, reserved 1087488K
  class space    used 5579K, capacity 5925K, committed 6016K, reserved 1048576K
}
Event: 21.762 GC heap before
{Heap before GC invocations=11 (full 2):
 PSYoungGen      total 182784K, used 182277K [0x00000000d5580000, 0x00000000e1980000, 0x0000000100000000)
  eden space 168960K, 100% used [0x00000000d5580000,0x00000000dfa80000,0x00000000dfa80000)
  from space 13824K, 96% used [0x00000000e0c00000,0x00000000e1901580,0x00000000e1980000)
  to   space 15360K, 0% used [0x00000000dfb80000,0x00000000dfb80000,0x00000000e0a80000)
 ParOldGen       total 64512K, used 18078K [0x0000000080000000, 0x0000000083f00000, 0x00000000d5580000)
  object space 64512K, 28% used [0x0000000080000000,0x00000000811a7b88,0x0000000083f00000)
 Metaspace       used 55400K, capacity 57632K, committed 57984K, reserved 1099776K
  class space    used 7275K, capacity 7726K, committed 7808K, reserved 1048576K
Event: 21.818 GC heap after
Heap after GC invocations=11 (full 2):
 PSYoungGen      total 185344K, used 15340K [0x00000000d5580000, 0x00000000e4100000, 0x0000000100000000)
  eden space 169984K, 0% used [0x00000000d5580000,0x00000000d5580000,0x00000000dfb80000)
  from space 15360K, 99% used [0x00000000dfb80000,0x00000000e0a7b3f0,0x00000000e0a80000)
  to   space 21504K, 0% used [0x00000000e2c00000,0x00000000e2c00000,0x00000000e4100000)
 ParOldGen       total 64512K, used 27494K [0x0000000080000000, 0x0000000083f00000, 0x00000000d5580000)
  object space 64512K, 42% used [0x0000000080000000,0x0000000081ad9818,0x0000000083f00000)
 Metaspace       used 55400K, capacity 57632K, committed 57984K, reserved 1099776K
  class space    used 7275K, capacity 7726K, committed 7808K, reserved 1048576K
}
Event: 22.670 GC heap before
{Heap before GC invocations=12 (full 2):
 PSYoungGen      total 185344K, used 50856K [0x00000000d5580000, 0x00000000e4100000, 0x0000000100000000)
  eden space 169984K, 20% used [0x00000000d5580000,0x00000000d782ef10,0x00000000dfb80000)
  from space 15360K, 99% used [0x00000000dfb80000,0x00000000e0a7b3f0,0x00000000e0a80000)
  to   space 21504K, 0% used [0x00000000e2c00000,0x00000000e2c00000,0x00000000e4100000)
 ParOldGen       total 64512K, used 27494K [0x0000000080000000, 0x0000000083f00000, 0x00000000d5580000)
  object space 64512K, 42% used [0x0000000080000000,0x0000000081ad9818,0x0000000083f00000)
 Metaspace       used 56664K, capacity 58922K, committed 59096K, reserved 1099776K
  class space    used 7455K, capacity 7937K, committed 8064K, reserved 1048576K
Event: 23.072 GC heap after
Heap after GC invocations=12 (full 2):
 PSYoungGen      total 217088K, used 19568K [0x00000000d5580000, 0x00000000e7300000, 0x0000000100000000)
  eden space 195584K, 0% used [0x00000000d5580000,0x00000000d5580000,0x00000000e1480000)
  from space 21504K, 90% used [0x00000000e2c00000,0x00000000e3f1c278,0x00000000e4100000)
  to   space 24064K, 0% used [0x00000000e1480000,0x00000000e1480000,0x00000000e2c00000)
 ParOldGen       total 64512K, used 27502K [0x0000000080000000, 0x0000000083f00000, 0x00000000d5580000)
  object space 64512K, 42% used [0x0000000080000000,0x0000000081adb818,0x0000000083f00000)
 Metaspace       used 56664K, capacity 58922K, committed 59096K, reserved 1099776K
  class space    used 7455K, capacity 7937K, committed 8064K, reserved 1048576K
}
Event: 23.072 GC heap before
{Heap before GC invocations=13 (full 3):
 PSYoungGen      total 217088K, used 19568K [0x00000000d5580000, 0x00000000e7300000, 0x0000000100000000)
  eden space 195584K, 0% used [0x00000000d5580000,0x00000000d5580000,0x00000000e1480000)
  from space 21504K, 90% used [0x00000000e2c00000,0x00000000e3f1c278,0x00000000e4100000)
  to   space 24064K, 0% used [0x00000000e1480000,0x00000000e1480000,0x00000000e2c00000)
 ParOldGen       total 64512K, used 27502K [0x0000000080000000, 0x0000000083f00000, 0x00000000d5580000)
  object space 64512K, 42% used [0x0000000080000000,0x0000000081adb818,0x0000000083f00000)
 Metaspace       used 56664K, capacity 58922K, committed 59096K, reserved 1099776K
  class space    used 7455K, capacity 7937K, committed 8064K, reserved 1048576K
Event: 24.422 GC heap after
Heap after GC invocations=13 (full 3):
 PSYoungGen      total 217088K, used 0K [0x00000000d5580000, 0x00000000e7300000, 0x0000000100000000)
  eden space 195584K, 0% used [0x00000000d5580000,0x00000000d5580000,0x00000000e1480000)
  from space 21504K, 0% used [0x00000000e2c00000,0x00000000e2c00000,0x00000000e4100000)
  to   space 24064K, 0% used [0x00000000e1480000,0x00000000e1480000,0x00000000e2c00000)
 ParOldGen       total 137728K, used 32489K [0x0000000080000000, 0x0000000088680000, 0x00000000d5580000)
  object space 137728K, 23% used [0x0000000080000000,0x0000000081fba498,0x0000000088680000)
 Metaspace       used 56612K, capacity 58774K, committed 59096K, reserved 1099776K
  class space    used 7443K, capacity 7919K, committed 8064K, reserved 1048576K
}
Event: 31.236 GC heap before
{Heap before GC invocations=14 (full 3):
 PSYoungGen      total 217088K, used 195584K [0x00000000d5580000, 0x00000000e7300000, 0x0000000100000000)
  eden space 195584K, 100% used [0x00000000d5580000,0x00000000e1480000,0x00000000e1480000)
  from space 21504K, 0% used [0x00000000e2c00000,0x00000000e2c00000,0x00000000e4100000)
  to   space 24064K, 0% used [0x00000000e1480000,0x00000000e1480000,0x00000000e2c00000)
 ParOldGen       total 137728K, used 32489K [0x0000000080000000, 0x0000000088680000, 0x00000000d5580000)
  object space 137728K, 23% used [0x0000000080000000,0x0000000081fba498,0x0000000088680000)
 Metaspace       used 68449K, capacity 71392K, committed 71680K, reserved 1112064K
  class space    used 9294K, capacity 9903K, committed 9984K, reserved 1048576K
Event: 31.290 GC heap after
Heap after GC invocations=14 (full 3):
 PSYoungGen      total 219648K, used 17321K [0x00000000d5580000, 0x00000000e7300000, 0x0000000100000000)
  eden space 195584K, 0% used [0x00000000d5580000,0x00000000d5580000,0x00000000e1480000)
  from space 24064K, 71% used [0x00000000e1480000,0x00000000e256a400,0x00000000e2c00000)
  to   space 21504K, 0% used [0x00000000e2c00000,0x00000000e2c00000,0x00000000e4100000)
 ParOldGen       total 137728K, used 32497K [0x0000000080000000, 0x0000000088680000, 0x00000000d5580000)
  object space 137728K, 23% used [0x0000000080000000,0x0000000081fbc498,0x0000000088680000)
 Metaspace       used 68449K, capacity 71392K, committed 71680K, reserved 1112064K
  class space    used 9294K, capacity 9903K, committed 9984K, reserved 1048576K
}

