# JRE version: OpenJDK Runtime Environment (8.0_242-b01) (build 1.8.0_242-release-1644-b01)
# Java VM: OpenJDK 64-Bit Server VM (25.242-b01 mixed mode windows-amd64 compressed oops)
Heap:
 PSYoungGen      total 65536K, used 17564K [0x00000000d5580000, 0x00000000da000000, 0x0000000100000000)
  eden space 55296K, 15% used [0x00000000d5580000,0x00000000d5db6210,0x00000000d8b80000)
  from space 10240K, 89% used [0x00000000d8b80000,0x00000000d94711a8,0x00000000d9580000)
  to   space 10752K, 0% used [0x00000000d9580000,0x00000000d9580000,0x00000000da000000)
 ParOldGen       total 58368K, used 8965K [0x0000000080000000, 0x0000000083900000, 0x00000000d5580000)
  object space 58368K, 15% used [0x0000000080000000,0x00000000808c1758,0x0000000083900000)
 Metaspace       used 33138K, capacity 34272K, committed 34560K, reserved 1079296K
  class space    used 4476K, capacity 4781K, committed 4864K, reserved 1048576K
GC Heap History (10 events):
Event: 12.977 GC heap before
{Heap before GC invocations=6 (full 0):
 PSYoungGen      total 38400K, used 34478K [0x00000000d5580000, 0x00000000d8000000, 0x0000000100000000)
  eden space 33280K, 88% used [0x00000000d5580000,0x00000000d722b858,0x00000000d7600000)
  from space 5120K, 100% used [0x00000000d7600000,0x00000000d7b00000,0x00000000d7b00000)
  to   space 5120K, 0% used [0x00000000d7b00000,0x00000000d7b00000,0x00000000d8000000)
 ParOldGen       total 87552K, used 6587K [0x0000000080000000, 0x0000000085580000, 0x00000000d5580000)
  object space 87552K, 7% used [0x0000000080000000,0x000000008066ee18,0x0000000085580000)
 Metaspace       used 20469K, capacity 21146K, committed 21248K, reserved 1067008K
  class space    used 2847K, capacity 3033K, committed 3072K, reserved 1048576K
Event: 12.998 GC heap after
Heap after GC invocations=6 (full 0):
 PSYoungGen      total 38400K, used 5088K [0x00000000d5580000, 0x00000000d8000000, 0x0000000100000000)
  eden space 33280K, 0% used [0x00000000d5580000,0x00000000d5580000,0x00000000d7600000)
  from space 5120K, 99% used [0x00000000d7b00000,0x00000000d7ff8030,0x00000000d8000000)
  to   space 5120K, 0% used [0x00000000d7600000,0x00000000d7600000,0x00000000d7b00000)
 ParOldGen       total 87552K, used 9858K [0x0000000080000000, 0x0000000085580000, 0x00000000d5580000)
  object space 87552K, 11% used [0x0000000080000000,0x00000000809a0ba8,0x0000000085580000)
 Metaspace       used 20469K, capacity 21146K, committed 21248K, reserved 1067008K
  class space    used 2847K, capacity 3033K, committed 3072K, reserved 1048576K
}
Event: 12.998 GC heap before
{Heap before GC invocations=7 (full 1):
 PSYoungGen      total 38400K, used 5088K [0x00000000d5580000, 0x00000000d8000000, 0x0000000100000000)
  eden space 33280K, 0% used [0x00000000d5580000,0x00000000d5580000,0x00000000d7600000)
  from space 5120K, 99% used [0x00000000d7b00000,0x00000000d7ff8030,0x00000000d8000000)
  to   space 5120K, 0% used [0x00000000d7600000,0x00000000d7600000,0x00000000d7b00000)
 ParOldGen       total 87552K, used 9858K [0x0000000080000000, 0x0000000085580000, 0x00000000d5580000)
  object space 87552K, 11% used [0x0000000080000000,0x00000000809a0ba8,0x0000000085580000)
 Metaspace       used 20469K, capacity 21146K, committed 21248K, reserved 1067008K
  class space    used 2847K, capacity 3033K, committed 3072K, reserved 1048576K
Event: 13.087 GC heap after
Heap after GC invocations=7 (full 1):
 PSYoungGen      total 38400K, used 0K [0x00000000d5580000, 0x00000000d8000000, 0x0000000100000000)
  eden space 33280K, 0% used [0x00000000d5580000,0x00000000d5580000,0x00000000d7600000)
  from space 5120K, 0% used [0x00000000d7b00000,0x00000000d7b00000,0x00000000d8000000)
  to   space 5120K, 0% used [0x00000000d7600000,0x00000000d7600000,0x00000000d7b00000)
 ParOldGen       total 58368K, used 8941K [0x0000000080000000, 0x0000000083900000, 0x00000000d5580000)
  object space 58368K, 15% used [0x0000000080000000,0x00000000808bb758,0x0000000083900000)
 Metaspace       used 20469K, capacity 21146K, committed 21248K, reserved 1067008K
  class space    used 2847K, capacity 3033K, committed 3072K, reserved 1048576K
}
Event: 13.640 GC heap before
{Heap before GC invocations=8 (full 1):
 PSYoungGen      total 38400K, used 33280K [0x00000000d5580000, 0x00000000d8000000, 0x0000000100000000)
  eden space 33280K, 100% used [0x00000000d5580000,0x00000000d7600000,0x00000000d7600000)
  from space 5120K, 0% used [0x00000000d7b00000,0x00000000d7b00000,0x00000000d8000000)
  to   space 5120K, 0% used [0x00000000d7600000,0x00000000d7600000,0x00000000d7b00000)
 ParOldGen       total 58368K, used 8941K [0x0000000080000000, 0x0000000083900000, 0x00000000d5580000)
  object space 58368K, 15% used [0x0000000080000000,0x00000000808bb758,0x0000000083900000)
 Metaspace       used 22187K, capacity 23068K, committed 23168K, reserved 1069056K
  class space    used 3132K, capacity 3386K, committed 3456K, reserved 1048576K
Event: 13.644 GC heap after
Heap after GC invocations=8 (full 1):
 PSYoungGen      total 38400K, used 3050K [0x00000000d5580000, 0x00000000da000000, 0x0000000100000000)
  eden space 33280K, 0% used [0x00000000d5580000,0x00000000d5580000,0x00000000d7600000)
  from space 5120K, 59% used [0x00000000d7600000,0x00000000d78fa838,0x00000000d7b00000)
  to   space 10752K, 0% used [0x00000000d9580000,0x00000000d9580000,0x00000000da000000)
 ParOldGen       total 58368K, used 8949K [0x0000000080000000, 0x0000000083900000, 0x00000000d5580000)
  object space 58368K, 15% used [0x0000000080000000,0x00000000808bd758,0x0000000083900000)
 Metaspace       used 22187K, capacity 23068K, committed 23168K, reserved 1069056K
  class space    used 3132K, capacity 3386K, committed 3456K, reserved 1048576K
}
Event: 14.261 GC heap before
{Heap before GC invocations=9 (full 1):
 PSYoungGen      total 38400K, used 36330K [0x00000000d5580000, 0x00000000da000000, 0x0000000100000000)
  eden space 33280K, 100% used [0x00000000d5580000,0x00000000d7600000,0x00000000d7600000)
  from space 5120K, 59% used [0x00000000d7600000,0x00000000d78fa838,0x00000000d7b00000)
  to   space 10752K, 0% used [0x00000000d9580000,0x00000000d9580000,0x00000000da000000)
 ParOldGen       total 58368K, used 8949K [0x0000000080000000, 0x0000000083900000, 0x00000000d5580000)
  object space 58368K, 15% used [0x0000000080000000,0x00000000808bd758,0x0000000083900000)
 Metaspace       used 25753K, capacity 26738K, committed 26752K, reserved 1073152K
  class space    used 3675K, capacity 3954K, committed 3968K, reserved 1048576K
Event: 14.273 GC heap after
Heap after GC invocations=9 (full 1):
 PSYoungGen      total 66048K, used 5687K [0x00000000d5580000, 0x00000000da000000, 0x0000000100000000)
  eden space 55296K, 0% used [0x00000000d5580000,0x00000000d5580000,0x00000000d8b80000)
  from space 10752K, 52% used [0x00000000d9580000,0x00000000d9b0ddb8,0x00000000da000000)
  to   space 10240K, 0% used [0x00000000d8b80000,0x00000000d8b80000,0x00000000d9580000)
 ParOldGen       total 58368K, used 8957K [0x0000000080000000, 0x0000000083900000, 0x00000000d5580000)
  object space 58368K, 15% used [0x0000000080000000,0x00000000808bf758,0x0000000083900000)
 Metaspace       used 25753K, capacity 26738K, committed 26752K, reserved 1073152K
  class space    used 3675K, capacity 3954K, committed 3968K, reserved 1048576K
}
Event: 15.463 GC heap before
{Heap before GC invocations=10 (full 1):
 PSYoungGen      total 66048K, used 60983K [0x00000000d5580000, 0x00000000da000000, 0x0000000100000000)
  eden space 55296K, 100% used [0x00000000d5580000,0x00000000d8b80000,0x00000000d8b80000)
  from space 10752K, 52% used [0x00000000d9580000,0x00000000d9b0ddb8,0x00000000da000000)
  to   space 10240K, 0% used [0x00000000d8b80000,0x00000000d8b80000,0x00000000d9580000)
 ParOldGen       total 58368K, used 8957K [0x0000000080000000, 0x0000000083900000, 0x00000000d5580000)
  object space 58368K, 15% used [0x0000000080000000,0x00000000808bf758,0x0000000083900000)
 Metaspace       used 32805K, capacity 33924K, committed 34176K, reserved 1079296K
  class space    used 4416K, capacity 4735K, committed 4736K, reserved 1048576K
Event: 15.480 GC heap after
Heap after GC invocations=10 (full 1):
 PSYoungGen      total 65536K, used 9156K [0x00000000d5580000, 0x00000000da000000, 0x0000000100000000)
  eden space 55296K, 0% used [0x00000000d5580000,0x00000000d5580000,0x00000000d8b80000)
  from space 10240K, 89% used [0x00000000d8b80000,0x00000000d94711a8,0x00000000d9580000)
  to   space 10752K, 0% used [0x00000000d9580000,0x00000000d9580000,0x00000000da000000)
 ParOldGen       total 58368K, used 8965K [0x0000000080000000, 0x0000000083900000, 0x00000000d5580000)
  object space 58368K, 15% used [0x0000000080000000,0x00000000808c1758,0x0000000083900000)
 Metaspace       used 32805K, capacity 33924K, committed 34176K, reserved 1079296K
  class space    used 4416K, capacity 4735K, committed 4736K, reserved 1048576K
}

